Command: vcs -full64 -v 2011.03-2 +vcs+lic+wait -sverilog -R -l vcs.log testbench.sv \
testcase.sv ram.v +ntb_random_seed_automatic
                         Chronologic VCS (TM)
       Version U-2023.03-SP2_Full64 -- Wed Sep  4 22:06:30 2024

                    Copyright (c) 1991 - 2023 Synopsys, Inc.
   This software and the associated documentation are proprietary to Synopsys,
 Inc. This software may only be used in accordance with the terms and conditions
 of a written license agreement with Synopsys, Inc. All other use, reproduction,
   or distribution of this software is strictly prohibited.  Licensed Products
     communicate with Synopsys servers for the purpose of providing software
    updates, detecting software piracy and verifying that customers are using
    Licensed Products in conformity with the applicable License Key for such
  Licensed Products. Synopsys will use information gathered in connection with
    this process to deliver software updates and pursue software pirates and
                                   infringers.

 Inclusivity & Diversity - Visit SolvNetPlus to read the "Synopsys Statement on
            Inclusivity and Diversity" (Refer to article 000036315 at
                        https://solvnetplus.synopsys.com)

Parsing design file 'testbench.sv'
Parsing design file 'testcase.sv'
Parsing design file 'ram.v'
Top Level Modules:
       testbench
TimeScale is 1 ns / 1 ns
Starting vcs inline pass...

2 modules and 0 UDP read.
recompiling module testbench
recompiling module testcase
Both modules done.
rm -f _cuarc*.so _csrc*.so pre_vcsobj_*.so share_vcsobj_*.so
if [ -x ../simv ]; then chmod a-x ../simv; fi
g++  -o ../simv      -rdynamic  -Wl,-rpath='$ORIGIN'/simv.daidir -Wl,-rpath=./simv.daidir \
-Wl,-rpath=/apps/vcsmx/vcs/U-2023.03-SP2/linux64/lib -L/apps/vcsmx/vcs/U-2023.03-SP2/linux64/lib \
-Wl,-rpath-link=./   objs/amcQw_d.o   _365_archive_1.so   SIM_l.o       rmapats_mop.o \
rmapats.o rmar.o rmar_nd.o  rmar_llvm_0_1.o rmar_llvm_0_0.o            -lvirsim -lerrorinf \
-lsnpsmalloc -lvfs    -lvcsnew -lsimprofile -luclinative /apps/vcsmx/vcs/U-2023.03-SP2/linux64/lib/vcs_tls.o \
-Wl,-whole-archive  -lvcsucli    -Wl,-no-whole-archive          /apps/vcsmx/vcs/U-2023.03-SP2/linux64/lib/vcs_save_restore_new.o \
-ldl  -lc -lm -lpthread -ldl 
../simv up to date
Command: /home/runner/./simv +vcs+lic+wait -a vcs.log +ntb_random_seed_automatic
Chronologic VCS simulator copyright 1991-2023
Contains Synopsys proprietary information.
Compiler version U-2023.03-SP2_Full64; Runtime version U-2023.03-SP2_Full64;  Sep  4 22:06 2024
NOTE: automatic random seed used: 884372697
===== Write Operation to RAM =====
t=   35: WRITE: addr=00, din=c1, dout=xx, we=01, ce=01
t=   75: WRITE: addr=01, din=f1, dout=xx, we=01, ce=01
t=  115: WRITE: addr=02, din=83, dout=xx, we=01, ce=01
t=  155: WRITE: addr=03, din=f7, dout=xx, we=01, ce=01


===== READ OPERATION FROM RAM =====
t=  195: READ : addr=00, din=f7, dout=c1, we=00, ce=01
t=  235: READ : addr=01, din=f7, dout=f1, we=00, ce=01
t=  275: READ : addr=02, din=f7, dout=83, we=00, ce=01
t=  315: READ : addr=03, din=f7, dout=f7, we=00, ce=01
$finish called from file "testcase.sv", line 61.
$finish at simulation time                  320
           V C S   S i m u l a t i o n   R e p o r t 
Time: 320 ns
CPU Time:      0.360 seconds;       Data structure size:   0.0Mb
Wed Sep  4 22:06:32 2024
CPU time: .503 seconds to compile + .549 seconds to elab + .265 seconds to link + .410 seconds in simulation
